#
# A fatal error has been detected by the Java Runtime Environment:
#
#  SIGSEGV (0xb) at pc=0x00000000004e2250, pid=133180, tid=133180
#
# JRE version: OpenJDK Runtime Environment (17.0.14+7) (build 17.0.14+7-Ubuntu-124.04)
# Java VM: OpenJDK 64-Bit Server VM (17.0.14+7-Ubuntu-124.04, mixed mode, sharing, tiered, compressed oops, compressed class ptrs, g1 gc, linux-amd64)
# Problematic frame:
# C  [python+0xe2250]
#
# Core dump will be written. Default location: Core dumps may be processed with "/usr/lib/systemd/systemd-coredump %P %u %g %s %t 9223372036854775808 %h" (or dumping to /home/ghi/Documents/ir-project/core.133180)
#
# If you would like to submit a bug report, please visit:
#   https://bugs.launchpad.net/ubuntu/+source/openjdk-17
# The crash happened outside the Java Virtual Machine in native code.
# See problematic frame for where to report the bug.
#

---------------  S U M M A R Y ------------

Command Line: 

Host: 13th Gen Intel(R) Core(TM) i7-13620H, 12 cores, 15G, Linux Mint 22 Wilma
Time: Fri Feb 28 15:30:24 2025 CET elapsed time: 1.921151 seconds (0d 0h 0m 1s)

---------------  T H R E A D  ---------------

Current thread (0x00000000214b8030):  JavaThread "main" [_thread_in_native, id=133180, stack(0x00007fffcb147000,0x00007fffcb247000)]

Stack: [0x00007fffcb147000,0x00007fffcb247000],  sp=0x00007fffcb2401d8,  free space=996k
Native frames: (J=compiled Java code, j=interpreted, Vv=VM code, C=native code)
C  [python+0xe2250]


siginfo: si_signo: 11 (SIGSEGV), si_code: 1 (SEGV_MAPERR), si_addr: 0x000000000000013b

Registers:
RAX=0x000000001cee93b0, RBX=0x000074f2079c0090, RCX=0x0000000000740d80, RDX=0x000074f2079c0090
RSP=0x00007fffcb2401d8, RBP=0x00000000004e2250, RSI=0x000074f2079c0090, RDI=0x0000000000000133
R8 =0x0000000000000000, R9 =0x00000000004e22d0, R10=0x0000000000746500, R11=0x0000000000748da0
R12=0x000074f2079c0090, R13=0x00000000007240e0, R14=0x0000000000000003, R15=0x0000000000000002
RIP=0x00000000004e2250, EFLAGS=0x0000000000010206, CSGSFS=0x002b000000000033, ERR=0x0000000000000004
  TRAPNO=0x000000000000000e


Register to memory mapping:

RAX=0x000000001cee93b0 points into unknown readable memory: 0x6c69626973736f70 | 70 6f 73 73 69 62 69 6c
RBX=0x000074f2079c0090 points into unknown readable memory: 0x0000000000000004 | 04 00 00 00 00 00 00 00
RCX=0x0000000000740d80: PyUnicode_Type+0x0000000000000000 in /home/ghi/miniconda3/envs/ir-project-env/bin/python at 0x0000000000400000
RDX=0x000074f2079c0090 points into unknown readable memory: 0x0000000000000004 | 04 00 00 00 00 00 00 00
RSP=0x00007fffcb2401d8 is pointing into the stack for thread: 0x00000000214b8030
RBP=0x00000000004e2250: <offset 0x00000000000e2250> in /home/ghi/miniconda3/envs/ir-project-env/bin/python at 0x0000000000400000
RSI=0x000074f2079c0090 points into unknown readable memory: 0x0000000000000004 | 04 00 00 00 00 00 00 00
RDI=0x0000000000000133 is an unknown value
R8 =0x0 is NULL
R9 =0x00000000004e22d0: <offset 0x00000000000e22d0> in /home/ghi/miniconda3/envs/ir-project-env/bin/python at 0x0000000000400000
R10=0x0000000000746500: _PyNone_Type+0x0000000000000000 in /home/ghi/miniconda3/envs/ir-project-env/bin/python at 0x0000000000400000
R11=0x0000000000748da0: PyDict_Type+0x0000000000000000 in /home/ghi/miniconda3/envs/ir-project-env/bin/python at 0x0000000000400000
R12=0x000074f2079c0090 points into unknown readable memory: 0x0000000000000004 | 04 00 00 00 00 00 00 00
R13=0x00000000007240e0: PyCFunction_Type+0x0000000000000000 in /home/ghi/miniconda3/envs/ir-project-env/bin/python at 0x0000000000400000
R14=0x0000000000000003 is an unknown value
R15=0x0000000000000002 is an unknown value


Top of Stack: (sp=0x00007fffcb2401d8)
0x00007fffcb2401d8:   00000000004e2418 0000000018670440
0x00007fffcb2401e8:   00007fffcb2402d0 000074f2079c0080
0x00007fffcb2401f8:   0000000018670440 00007fffcb2402d0
0x00007fffcb240208:   00000000004e1eef 0000000018670440
0x00007fffcb240218:   0000000018670190 00007fffcb2402d0
0x00007fffcb240228:   0000000018670440 0000000000000003
0x00007fffcb240238:   00000000004e1663 00007fffcb2402b0
0x00007fffcb240248:   000000001868c150 0000000000000020
0x00007fffcb240258:   0000000000000000 0000000000000002
0x00007fffcb240268:   00000000186703f8 000000000001b539
0x00007fffcb240278:   0000000000000000 0000000018670440
0x00007fffcb240288:   0000000018670440 000074f228403ac0
0x00007fffcb240298:   0000000000000fb6 00007fffcb2403b0
0x00007fffcb2402a8:   00007fffcb2403a8 0000000000000002
0x00007fffcb2402b8:   000074f2282ac4de 000000000000ffff
0x00007fffcb2402c8:   000000001cdcd0a6 00000000000007fc
0x00007fffcb2402d8:   0000000000000ff8 0000000000000038
0x00007fffcb2402e8:   00000000000000fa 000074f228403b20
0x00007fffcb2402f8:   0000000000000000 000000001cdcd0a6
0x00007fffcb240308:   9cbec2b9e5996600 0000000000001237
0x00007fffcb240318:   0000000000000fb6 000074f228403ac0
0x00007fffcb240328:   ffffffffffffffc0 0000000000000000
0x00007fffcb240338:   00000000000007fb 00007fffcb240380
0x00007fffcb240348:   9cbec2b9e5996600 000074f0a5bfd0f0
0x00007fffcb240358:   9cbec2b9e5996600 0000000000000000
0x00007fffcb240368:   000000001868c150 0000000018670190
0x00007fffcb240378:   0000000000000002 000074f0a5bfdf70
0x00007fffcb240388:   0000000000000038 000074f104233dd0
0x00007fffcb240398:   000000000059186c 000000001b333580
0x00007fffcb2403a8:   0000000000000009 0000000000000008
0x00007fffcb2403b8:   9cbec2b9e5996600 0000000000749c40
0x00007fffcb2403c8:   000000001868c150 000074f0a5bfdf70 

Instructions: (pc=0x00000000004e2250)
0x00000000004e2150:   41 ff d5 85 c0 75 8d 49 8d 5c 24 fc 49 83 fc 03
0x00000000004e2160:   74 80 49 8b 7f f8 48 85 ff 0f 84 c8 00 00 00 4c
0x00000000004e2170:   89 f6 41 ff d5 85 c0 0f 85 67 ff ff ff 49 8d 5c
0x00000000004e2180:   24 fb 49 83 fc 04 0f 84 56 ff ff ff 49 8b 7f f0
0x00000000004e2190:   48 85 ff 0f 84 9e 00 00 00 4c 89 f6 41 ff d5 85
0x00000000004e21a0:   c0 0f 85 3d ff ff ff 49 8d 5c 24 fa 49 83 fc 05
0x00000000004e21b0:   0f 84 2c ff ff ff 48 8b 7c dd 18 48 85 ff 74 77
0x00000000004e21c0:   4c 89 f6 41 ff d5 85 c0 0f 85 16 ff ff ff 48 83
0x00000000004e21d0:   eb 01 73 e2 e9 09 ff ff ff 0f 1f 80 00 00 00 00
0x00000000004e21e0:   4c 8b b8 48 01 00 00 4d 85 ff 75 2c 49 8b 44 24
0x00000000004e21f0:   f8 a8 02 0f 84 e3 fe ff ff 48 83 e8 04 49 89 44
0x00000000004e2200:   24 f8 48 83 eb 01 0f 83 b0 fe ff ff e9 d1 fe ff
0x00000000004e2210:   ff 0f 1f 80 00 00 00 00 49 81 ff d0 22 4e 00 75
0x00000000004e2220:   1e 41 8b 84 24 a8 00 00 00 25 00 02 00 00 85 c0
0x00000000004e2230:   75 ba e9 a5 fe ff ff 49 89 dc e9 6c fe ff ff 4c
0x00000000004e2240:   89 e7 41 ff d7 eb e7 66 0f 1f 84 00 00 00 00 00
0x00000000004e2250:   48 8b 47 08 f6 80 a9 00 00 00 40 75 03 31 c0 c3
0x00000000004e2260:   48 8b 80 48 01 00 00 48 85 c0 75 14 48 8b 47 f8
0x00000000004e2270:   a8 02 74 e9 48 83 e8 04 48 89 47 f8 31 c0 c3 90
0x00000000004e2280:   48 3d d0 22 4e 00 75 12 8b 97 a8 00 00 00 81 e2
0x00000000004e2290:   00 02 00 00 85 d2 75 d4 eb c3 48 83 ec 18 48 89
0x00000000004e22a0:   7c 24 08 ff d0 48 8b 7c 24 08 85 c0 74 10 48 8b
0x00000000004e22b0:   47 f8 a8 02 74 08 48 83 e8 04 48 89 47 f8 31 c0
0x00000000004e22c0:   48 83 c4 18 c3 66 66 2e 0f 1f 84 00 00 00 00 00
0x00000000004e22d0:   48 8b 87 a8 00 00 00 25 00 02 00 00 c3 0f 1f 00
0x00000000004e22e0:   41 54 49 89 d4 55 48 89 f5 53 48 89 fb 48 83 ec
0x00000000004e22f0:   10 48 8b 47 10 f6 40 11 02 0f 85 07 01 00 00 48
0x00000000004e2300:   8b 7b 18 48 85 ff 0f 84 19 01 00 00 48 81 fd 50
0x00000000004e2310:   22 4e 00 75 33 48 8b 57 08 f6 82 a9 00 00 00 40
0x00000000004e2320:   75 6e 48 8b 7b 20 48 85 ff 74 0d 48 8b 4f 08 f6
0x00000000004e2330:   81 a9 00 00 00 40 75 38 31 c0 48 83 c4 10 5b 5d
0x00000000004e2340:   41 5c c3 0f 1f 44 00 00 4c 89 e6 ff d5 85 c0 75 


Stack slot to memory mapping:
stack at sp + 0 slots: 0x00000000004e2418: <offset 0x00000000000e2418> in /home/ghi/miniconda3/envs/ir-project-env/bin/python at 0x0000000000400000
stack at sp + 1 slots: 0x0000000018670440 points into unknown readable memory: 0x000074f2284c4070 | 70 40 4c 28 f2 74 00 00
stack at sp + 2 slots: 0x00007fffcb2402d0 is pointing into the stack for thread: 0x00000000214b8030
stack at sp + 3 slots: 0x000074f2079c0080 points into unknown readable memory: 0x000074f2079c0120 | 20 01 9c 07 f2 74 00 00
stack at sp + 4 slots: 0x0000000018670440 points into unknown readable memory: 0x000074f2284c4070 | 70 40 4c 28 f2 74 00 00
stack at sp + 5 slots: 0x00007fffcb2402d0 is pointing into the stack for thread: 0x00000000214b8030
stack at sp + 6 slots: 0x00000000004e1eef: <offset 0x00000000000e1eef> in /home/ghi/miniconda3/envs/ir-project-env/bin/python at 0x0000000000400000
stack at sp + 7 slots: 0x0000000018670440 points into unknown readable memory: 0x000074f2284c4070 | 70 40 4c 28 f2 74 00 00


---------------  P R O C E S S  ---------------

Threads class SMR info:
_java_thread_list=0x000074f07c07f760, length=12, elements={
0x00000000214b8030, 0x00000000214b4a40, 0x00000000214a33d0, 0x000000002148fa10,
0x00000000214a9520, 0x0000000021423580, 0x00000000214e7110, 0x000000002149e1b0,
0x000000002142dd10, 0x0000000021410000, 0x000074f07c07e4e0, 0x000074f08c001310
}

Java Threads: ( => current thread )
=>0x00000000214b8030 JavaThread "main" [_thread_in_native, id=133180, stack(0x00007fffcb147000,0x00007fffcb247000)]
  0x00000000214b4a40 JavaThread "Reference Handler" daemon [_thread_blocked, id=133276, stack(0x000074f10cb00000,0x000074f10cc00000)]
  0x00000000214a33d0 JavaThread "Finalizer" daemon [_thread_blocked, id=133277, stack(0x000074f108d00000,0x000074f108e00000)]
  0x000000002148fa10 JavaThread "Service Thread" daemon [_thread_blocked, id=133279, stack(0x000074f104bfe000,0x000074f104cfe000)]
  0x00000000214a9520 JavaThread "Monitor Deflation Thread" daemon [_thread_blocked, id=133280, stack(0x000074f104afe000,0x000074f104bfe000)]
  0x0000000021423580 JavaThread "C2 CompilerThread0" daemon [_thread_blocked, id=133281, stack(0x000074f1049fe000,0x000074f104afe000)]
  0x00000000214e7110 JavaThread "C1 CompilerThread0" daemon [_thread_blocked, id=133282, stack(0x000074f1048fe000,0x000074f1049fe000)]
  0x000000002149e1b0 JavaThread "Sweeper thread" daemon [_thread_blocked, id=133283, stack(0x000074f1047fe000,0x000074f1048fe000)]
  0x000000002142dd10 JavaThread "Notification Thread" daemon [_thread_blocked, id=133284, stack(0x000074f1046fe000,0x000074f1047fe000)]
  0x0000000021410000 JavaThread "Common-Cleaner" daemon [_thread_blocked, id=133286, stack(0x000074f1044fd000,0x000074f1045fd000)]
  0x000074f07c07e4e0 JavaThread "C2 CompilerThread1" daemon [_thread_blocked, id=133287, stack(0x000074f1043fd000,0x000074f1044fd000)]
  0x000074f08c001310 JavaThread "SIGINT handler" daemon [_thread_blocked, id=133299, stack(0x000074f0f0b00000,0x000074f0f0c00000)]

Other Threads:
  0x000000001ec5cb60 VMThread "VM Thread" [stack: 0x000074f104dff000,0x000074f104eff000] [id=133275]
  0x000000001ec62c00 GCTaskThread "GC Thread#0" [stack: 0x000074f128300000,0x000074f128400000] [id=133270]
  0x000000002142fc10 ConcurrentGCThread "G1 Main Marker" terminated
  0x00000000213ed370 ConcurrentGCThread "G1 Conc#0" [stack: 0x000074f1280fe000,0x000074f1281fe000] [id=133272]
  0x00000000214111c0 ConcurrentGCThread "G1 Refine#0" terminated
  0x00000000213ead40 ConcurrentGCThread "G1 Service" terminated

Threads with active compile tasks:

VM state: at safepoint (shutting down)

VM Mutex/Monitor currently owned by a thread:  ([mutex/lock_event])
[0x0000000020ed5e10] Threads_lock - owner thread: 0x000000001ec5cb60
[0x0000000020d8f350] Heap_lock - owner thread: 0x000074f08c001310

Heap address: 0x000000070c000000, size: 3904 MB, Compressed Oops mode: Zero based, Oop shift amount: 3

CDS archive(s) mapped at: [0x000074f0ab000000-0x000074f0abbc9000-0x000074f0abbc9000), size 12357632, SharedBaseAddress: 0x000074f0ab000000, ArchiveRelocationMode: 1.
Compressed class space mapped at: 0x000074f0ac000000-0x000074f0ec000000, reserved size: 1073741824
Narrow klass base: 0x000074f0ab000000, Narrow klass shift: 0, Narrow klass range: 0x100000000

GC Precious Log:
 CPUs: 12 total, 12 available
 Memory: 15611M
 Large Page Support: Disabled
 NUMA Support: Disabled
 Compressed Oops: Enabled (Zero based)
 Heap Region Size: 2M
 Heap Min Capacity: 8M
 Heap Initial Capacity: 244M
 Heap Max Capacity: 3904M
 Pre-touch: Disabled
 Parallel Workers: 10
 Concurrent Workers: 3
 Concurrent Refinement Workers: 10
 Periodic GC: Disabled

Heap:
 garbage-first heap   total 253952K, used 12208K [0x000000070c000000, 0x0000000800000000)
  region size 2048K, 3 young (6144K), 0 survivors (0K)
 Metaspace       used 2231K, committed 2368K, reserved 1114112K
  class space    used 233K, committed 320K, reserved 1048576K

Heap Regions: E=young(eden), S=young(survivor), O=old, HS=humongous(starts), HC=humongous(continues), CS=collection set, F=free, OA=open archive, CA=closed archive, TAMS=top-at-mark-start (previous, next)
|   0|0x000000070c000000, 0x000000070c200000, 0x000000070c200000|100%|HS|  |TAMS 0x000000070c000000, 0x000000070c000000| Complete 
|   1|0x000000070c200000, 0x000000070c400000, 0x000000070c400000|100%|HC|  |TAMS 0x000000070c200000, 0x000000070c200000| Complete 
|   2|0x000000070c400000, 0x000000070c600000, 0x000000070c600000|100%|HC|  |TAMS 0x000000070c400000, 0x000000070c400000| Complete 
|   3|0x000000070c600000, 0x000000070c600000, 0x000000070c800000|  0%| F|  |TAMS 0x000000070c600000, 0x000000070c600000| Untracked 
|   4|0x000000070c800000, 0x000000070c800000, 0x000000070ca00000|  0%| F|  |TAMS 0x000000070c800000, 0x000000070c800000| Untracked 
|   5|0x000000070ca00000, 0x000000070ca00000, 0x000000070cc00000|  0%| F|  |TAMS 0x000000070ca00000, 0x000000070ca00000| Untracked 
|   6|0x000000070cc00000, 0x000000070cc00000, 0x000000070ce00000|  0%| F|  |TAMS 0x000000070cc00000, 0x000000070cc00000| Untracked 
|   7|0x000000070ce00000, 0x000000070ce00000, 0x000000070d000000|  0%| F|  |TAMS 0x000000070ce00000, 0x000000070ce00000| Untracked 
|   8|0x000000070d000000, 0x000000070d000000, 0x000000070d200000|  0%| F|  |TAMS 0x000000070d000000, 0x000000070d000000| Untracked 
|   9|0x000000070d200000, 0x000000070d200000, 0x000000070d400000|  0%| F|  |TAMS 0x000000070d200000, 0x000000070d200000| Untracked 
|  10|0x000000070d400000, 0x000000070d400000, 0x000000070d600000|  0%| F|  |TAMS 0x000000070d400000, 0x000000070d400000| Untracked 
|  11|0x000000070d600000, 0x000000070d600000, 0x000000070d800000|  0%| F|  |TAMS 0x000000070d600000, 0x000000070d600000| Untracked 
|  12|0x000000070d800000, 0x000000070d800000, 0x000000070da00000|  0%| F|  |TAMS 0x000000070d800000, 0x000000070d800000| Untracked 
|  13|0x000000070da00000, 0x000000070da00000, 0x000000070dc00000|  0%| F|  |TAMS 0x000000070da00000, 0x000000070da00000| Untracked 
|  14|0x000000070dc00000, 0x000000070dc00000, 0x000000070de00000|  0%| F|  |TAMS 0x000000070dc00000, 0x000000070dc00000| Untracked 
|  15|0x000000070de00000, 0x000000070de00000, 0x000000070e000000|  0%| F|  |TAMS 0x000000070de00000, 0x000000070de00000| Untracked 
|  16|0x000000070e000000, 0x000000070e000000, 0x000000070e200000|  0%| F|  |TAMS 0x000000070e000000, 0x000000070e000000| Untracked 
|  17|0x000000070e200000, 0x000000070e200000, 0x000000070e400000|  0%| F|  |TAMS 0x000000070e200000, 0x000000070e200000| Untracked 
|  18|0x000000070e400000, 0x000000070e400000, 0x000000070e600000|  0%| F|  |TAMS 0x000000070e400000, 0x000000070e400000| Untracked 
|  19|0x000000070e600000, 0x000000070e600000, 0x000000070e800000|  0%| F|  |TAMS 0x000000070e600000, 0x000000070e600000| Untracked 
|  20|0x000000070e800000, 0x000000070e800000, 0x000000070ea00000|  0%| F|  |TAMS 0x000000070e800000, 0x000000070e800000| Untracked 
|  21|0x000000070ea00000, 0x000000070ea00000, 0x000000070ec00000|  0%| F|  |TAMS 0x000000070ea00000, 0x000000070ea00000| Untracked 
|  22|0x000000070ec00000, 0x000000070ec00000, 0x000000070ee00000|  0%| F|  |TAMS 0x000000070ec00000, 0x000000070ec00000| Untracked 
|  23|0x000000070ee00000, 0x000000070ee00000, 0x000000070f000000|  0%| F|  |TAMS 0x000000070ee00000, 0x000000070ee00000| Untracked 
|  24|0x000000070f000000, 0x000000070f000000, 0x000000070f200000|  0%| F|  |TAMS 0x000000070f000000, 0x000000070f000000| Untracked 
|  25|0x000000070f200000, 0x000000070f200000, 0x000000070f400000|  0%| F|  |TAMS 0x000000070f200000, 0x000000070f200000| Untracked 
|  26|0x000000070f400000, 0x000000070f400000, 0x000000070f600000|  0%| F|  |TAMS 0x000000070f400000, 0x000000070f400000| Untracked 
|  27|0x000000070f600000, 0x000000070f600000, 0x000000070f800000|  0%| F|  |TAMS 0x000000070f600000, 0x000000070f600000| Untracked 
|  28|0x000000070f800000, 0x000000070f800000, 0x000000070fa00000|  0%| F|  |TAMS 0x000000070f800000, 0x000000070f800000| Untracked 
|  29|0x000000070fa00000, 0x000000070fa00000, 0x000000070fc00000|  0%| F|  |TAMS 0x000000070fa00000, 0x000000070fa00000| Untracked 
|  30|0x000000070fc00000, 0x000000070fc00000, 0x000000070fe00000|  0%| F|  |TAMS 0x000000070fc00000, 0x000000070fc00000| Untracked 
|  31|0x000000070fe00000, 0x000000070fe00000, 0x0000000710000000|  0%| F|  |TAMS 0x000000070fe00000, 0x000000070fe00000| Untracked 
|  32|0x0000000710000000, 0x0000000710000000, 0x0000000710200000|  0%| F|  |TAMS 0x0000000710000000, 0x0000000710000000| Untracked 
|  33|0x0000000710200000, 0x0000000710200000, 0x0000000710400000|  0%| F|  |TAMS 0x0000000710200000, 0x0000000710200000| Untracked 
|  34|0x0000000710400000, 0x0000000710400000, 0x0000000710600000|  0%| F|  |TAMS 0x0000000710400000, 0x0000000710400000| Untracked 
|  35|0x0000000710600000, 0x0000000710600000, 0x0000000710800000|  0%| F|  |TAMS 0x0000000710600000, 0x0000000710600000| Untracked 
|  36|0x0000000710800000, 0x0000000710800000, 0x0000000710a00000|  0%| F|  |TAMS 0x0000000710800000, 0x0000000710800000| Untracked 
|  37|0x0000000710a00000, 0x0000000710a00000, 0x0000000710c00000|  0%| F|  |TAMS 0x0000000710a00000, 0x0000000710a00000| Untracked 
|  38|0x0000000710c00000, 0x0000000710c00000, 0x0000000710e00000|  0%| F|  |TAMS 0x0000000710c00000, 0x0000000710c00000| Untracked 
|  39|0x0000000710e00000, 0x0000000710e00000, 0x0000000711000000|  0%| F|  |TAMS 0x0000000710e00000, 0x0000000710e00000| Untracked 
|  40|0x0000000711000000, 0x0000000711000000, 0x0000000711200000|  0%| F|  |TAMS 0x0000000711000000, 0x0000000711000000| Untracked 
|  41|0x0000000711200000, 0x0000000711200000, 0x0000000711400000|  0%| F|  |TAMS 0x0000000711200000, 0x0000000711200000| Untracked 
|  42|0x0000000711400000, 0x0000000711400000, 0x0000000711600000|  0%| F|  |TAMS 0x0000000711400000, 0x0000000711400000| Untracked 
|  43|0x0000000711600000, 0x0000000711600000, 0x0000000711800000|  0%| F|  |TAMS 0x0000000711600000, 0x0000000711600000| Untracked 
|  44|0x0000000711800000, 0x0000000711800000, 0x0000000711a00000|  0%| F|  |TAMS 0x0000000711800000, 0x0000000711800000| Untracked 
|  45|0x0000000711a00000, 0x0000000711a00000, 0x0000000711c00000|  0%| F|  |TAMS 0x0000000711a00000, 0x0000000711a00000| Untracked 
|  46|0x0000000711c00000, 0x0000000711c00000, 0x0000000711e00000|  0%| F|  |TAMS 0x0000000711c00000, 0x0000000711c00000| Untracked 
|  47|0x0000000711e00000, 0x0000000711e00000, 0x0000000712000000|  0%| F|  |TAMS 0x0000000711e00000, 0x0000000711e00000| Untracked 
|  48|0x0000000712000000, 0x0000000712000000, 0x0000000712200000|  0%| F|  |TAMS 0x0000000712000000, 0x0000000712000000| Untracked 
|  49|0x0000000712200000, 0x0000000712200000, 0x0000000712400000|  0%| F|  |TAMS 0x0000000712200000, 0x0000000712200000| Untracked 
|  50|0x0000000712400000, 0x0000000712400000, 0x0000000712600000|  0%| F|  |TAMS 0x0000000712400000, 0x0000000712400000| Untracked 
|  51|0x0000000712600000, 0x0000000712600000, 0x0000000712800000|  0%| F|  |TAMS 0x0000000712600000, 0x0000000712600000| Untracked 
|  52|0x0000000712800000, 0x0000000712800000, 0x0000000712a00000|  0%| F|  |TAMS 0x0000000712800000, 0x0000000712800000| Untracked 
|  53|0x0000000712a00000, 0x0000000712a00000, 0x0000000712c00000|  0%| F|  |TAMS 0x0000000712a00000, 0x0000000712a00000| Untracked 
|  54|0x0000000712c00000, 0x0000000712c00000, 0x0000000712e00000|  0%| F|  |TAMS 0x0000000712c00000, 0x0000000712c00000| Untracked 
|  55|0x0000000712e00000, 0x0000000712e00000, 0x0000000713000000|  0%| F|  |TAMS 0x0000000712e00000, 0x0000000712e00000| Untracked 
|  56|0x0000000713000000, 0x0000000713000000, 0x0000000713200000|  0%| F|  |TAMS 0x0000000713000000, 0x0000000713000000| Untracked 
|  57|0x0000000713200000, 0x0000000713200000, 0x0000000713400000|  0%| F|  |TAMS 0x0000000713200000, 0x0000000713200000| Untracked 
|  58|0x0000000713400000, 0x0000000713400000, 0x0000000713600000|  0%| F|  |TAMS 0x0000000713400000, 0x0000000713400000| Untracked 
|  59|0x0000000713600000, 0x0000000713600000, 0x0000000713800000|  0%| F|  |TAMS 0x0000000713600000, 0x0000000713600000| Untracked 
|  60|0x0000000713800000, 0x0000000713800000, 0x0000000713a00000|  0%| F|  |TAMS 0x0000000713800000, 0x0000000713800000| Untracked 
|  61|0x0000000713a00000, 0x0000000713a00000, 0x0000000713c00000|  0%| F|  |TAMS 0x0000000713a00000, 0x0000000713a00000| Untracked 
|  62|0x0000000713c00000, 0x0000000713c00000, 0x0000000713e00000|  0%| F|  |TAMS 0x0000000713c00000, 0x0000000713c00000| Untracked 
|  63|0x0000000713e00000, 0x0000000713e00000, 0x0000000714000000|  0%| F|  |TAMS 0x0000000713e00000, 0x0000000713e00000| Untracked 
|  64|0x0000000714000000, 0x0000000714000000, 0x0000000714200000|  0%| F|  |TAMS 0x0000000714000000, 0x0000000714000000| Untracked 
|  65|0x0000000714200000, 0x0000000714200000, 0x0000000714400000|  0%| F|  |TAMS 0x0000000714200000, 0x0000000714200000| Untracked 
|  66|0x0000000714400000, 0x0000000714400000, 0x0000000714600000|  0%| F|  |TAMS 0x0000000714400000, 0x0000000714400000| Untracked 
|  67|0x0000000714600000, 0x0000000714600000, 0x0000000714800000|  0%| F|  |TAMS 0x0000000714600000, 0x0000000714600000| Untracked 
|  68|0x0000000714800000, 0x0000000714800000, 0x0000000714a00000|  0%| F|  |TAMS 0x0000000714800000, 0x0000000714800000| Untracked 
|  69|0x0000000714a00000, 0x0000000714a00000, 0x0000000714c00000|  0%| F|  |TAMS 0x0000000714a00000, 0x0000000714a00000| Untracked 
|  70|0x0000000714c00000, 0x0000000714c00000, 0x0000000714e00000|  0%| F|  |TAMS 0x0000000714c00000, 0x0000000714c00000| Untracked 
|  71|0x0000000714e00000, 0x0000000714e00000, 0x0000000715000000|  0%| F|  |TAMS 0x0000000714e00000, 0x0000000714e00000| Untracked 
|  72|0x0000000715000000, 0x0000000715000000, 0x0000000715200000|  0%| F|  |TAMS 0x0000000715000000, 0x0000000715000000| Untracked 
|  73|0x0000000715200000, 0x0000000715200000, 0x0000000715400000|  0%| F|  |TAMS 0x0000000715200000, 0x0000000715200000| Untracked 
|  74|0x0000000715400000, 0x0000000715400000, 0x0000000715600000|  0%| F|  |TAMS 0x0000000715400000, 0x0000000715400000| Untracked 
|  75|0x0000000715600000, 0x0000000715600000, 0x0000000715800000|  0%| F|  |TAMS 0x0000000715600000, 0x0000000715600000| Untracked 
|  76|0x0000000715800000, 0x0000000715800000, 0x0000000715a00000|  0%| F|  |TAMS 0x0000000715800000, 0x0000000715800000| Untracked 
|  77|0x0000000715a00000, 0x0000000715a00000, 0x0000000715c00000|  0%| F|  |TAMS 0x0000000715a00000, 0x0000000715a00000| Untracked 
|  78|0x0000000715c00000, 0x0000000715c00000, 0x0000000715e00000|  0%| F|  |TAMS 0x0000000715c00000, 0x0000000715c00000| Untracked 
|  79|0x0000000715e00000, 0x0000000715e00000, 0x0000000716000000|  0%| F|  |TAMS 0x0000000715e00000, 0x0000000715e00000| Untracked 
|  80|0x0000000716000000, 0x0000000716000000, 0x0000000716200000|  0%| F|  |TAMS 0x0000000716000000, 0x0000000716000000| Untracked 
|  81|0x0000000716200000, 0x0000000716200000, 0x0000000716400000|  0%| F|  |TAMS 0x0000000716200000, 0x0000000716200000| Untracked 
|  82|0x0000000716400000, 0x0000000716400000, 0x0000000716600000|  0%| F|  |TAMS 0x0000000716400000, 0x0000000716400000| Untracked 
|  83|0x0000000716600000, 0x0000000716600000, 0x0000000716800000|  0%| F|  |TAMS 0x0000000716600000, 0x0000000716600000| Untracked 
|  84|0x0000000716800000, 0x0000000716800000, 0x0000000716a00000|  0%| F|  |TAMS 0x0000000716800000, 0x0000000716800000| Untracked 
|  85|0x0000000716a00000, 0x0000000716a00000, 0x0000000716c00000|  0%| F|  |TAMS 0x0000000716a00000, 0x0000000716a00000| Untracked 
|  86|0x0000000716c00000, 0x0000000716c00000, 0x0000000716e00000|  0%| F|  |TAMS 0x0000000716c00000, 0x0000000716c00000| Untracked 
|  87|0x0000000716e00000, 0x0000000716e00000, 0x0000000717000000|  0%| F|  |TAMS 0x0000000716e00000, 0x0000000716e00000| Untracked 
|  88|0x0000000717000000, 0x0000000717000000, 0x0000000717200000|  0%| F|  |TAMS 0x0000000717000000, 0x0000000717000000| Untracked 
|  89|0x0000000717200000, 0x0000000717200000, 0x0000000717400000|  0%| F|  |TAMS 0x0000000717200000, 0x0000000717200000| Untracked 
|  90|0x0000000717400000, 0x0000000717400000, 0x0000000717600000|  0%| F|  |TAMS 0x0000000717400000, 0x0000000717400000| Untracked 
|  91|0x0000000717600000, 0x0000000717600000, 0x0000000717800000|  0%| F|  |TAMS 0x0000000717600000, 0x0000000717600000| Untracked 
|  92|0x0000000717800000, 0x0000000717800000, 0x0000000717a00000|  0%| F|  |TAMS 0x0000000717800000, 0x0000000717800000| Untracked 
|  93|0x0000000717a00000, 0x0000000717a00000, 0x0000000717c00000|  0%| F|  |TAMS 0x0000000717a00000, 0x0000000717a00000| Untracked 
|  94|0x0000000717c00000, 0x0000000717c00000, 0x0000000717e00000|  0%| F|  |TAMS 0x0000000717c00000, 0x0000000717c00000| Untracked 
|  95|0x0000000717e00000, 0x0000000717e00000, 0x0000000718000000|  0%| F|  |TAMS 0x0000000717e00000, 0x0000000717e00000| Untracked 
|  96|0x0000000718000000, 0x0000000718000000, 0x0000000718200000|  0%| F|  |TAMS 0x0000000718000000, 0x0000000718000000| Untracked 
|  97|0x0000000718200000, 0x0000000718200000, 0x0000000718400000|  0%| F|  |TAMS 0x0000000718200000, 0x0000000718200000| Untracked 
|  98|0x0000000718400000, 0x0000000718400000, 0x0000000718600000|  0%| F|  |TAMS 0x0000000718400000, 0x0000000718400000| Untracked 
|  99|0x0000000718600000, 0x0000000718600000, 0x0000000718800000|  0%| F|  |TAMS 0x0000000718600000, 0x0000000718600000| Untracked 
| 100|0x0000000718800000, 0x0000000718800000, 0x0000000718a00000|  0%| F|  |TAMS 0x0000000718800000, 0x0000000718800000| Untracked 
| 101|0x0000000718a00000, 0x0000000718a00000, 0x0000000718c00000|  0%| F|  |TAMS 0x0000000718a00000, 0x0000000718a00000| Untracked 
| 102|0x0000000718c00000, 0x0000000718c00000, 0x0000000718e00000|  0%| F|  |TAMS 0x0000000718c00000, 0x0000000718c00000| Untracked 
| 103|0x0000000718e00000, 0x0000000718e00000, 0x0000000719000000|  0%| F|  |TAMS 0x0000000718e00000, 0x0000000718e00000| Untracked 
| 104|0x0000000719000000, 0x0000000719000000, 0x0000000719200000|  0%| F|  |TAMS 0x0000000719000000, 0x0000000719000000| Untracked 
| 105|0x0000000719200000, 0x0000000719200000, 0x0000000719400000|  0%| F|  |TAMS 0x0000000719200000, 0x0000000719200000| Untracked 
| 106|0x0000000719400000, 0x0000000719400000, 0x0000000719600000|  0%| F|  |TAMS 0x0000000719400000, 0x0000000719400000| Untracked 
| 107|0x0000000719600000, 0x0000000719600000, 0x0000000719800000|  0%| F|  |TAMS 0x0000000719600000, 0x0000000719600000| Untracked 
| 108|0x0000000719800000, 0x0000000719800000, 0x0000000719a00000|  0%| F|  |TAMS 0x0000000719800000, 0x0000000719800000| Untracked 
| 109|0x0000000719a00000, 0x0000000719a00000, 0x0000000719c00000|  0%| F|  |TAMS 0x0000000719a00000, 0x0000000719a00000| Untracked 
| 110|0x0000000719c00000, 0x0000000719c00000, 0x0000000719e00000|  0%| F|  |TAMS 0x0000000719c00000, 0x0000000719c00000| Untracked 
| 111|0x0000000719e00000, 0x0000000719e00000, 0x000000071a000000|  0%| F|  |TAMS 0x0000000719e00000, 0x0000000719e00000| Untracked 
| 112|0x000000071a000000, 0x000000071a000000, 0x000000071a200000|  0%| F|  |TAMS 0x000000071a000000, 0x000000071a000000| Untracked 
| 113|0x000000071a200000, 0x000000071a200000, 0x000000071a400000|  0%| F|  |TAMS 0x000000071a200000, 0x000000071a200000| Untracked 
| 114|0x000000071a400000, 0x000000071a400000, 0x000000071a600000|  0%| F|  |TAMS 0x000000071a400000, 0x000000071a400000| Untracked 
| 115|0x000000071a600000, 0x000000071a600000, 0x000000071a800000|  0%| F|  |TAMS 0x000000071a600000, 0x000000071a600000| Untracked 
| 116|0x000000071a800000, 0x000000071a800000, 0x000000071aa00000|  0%| F|  |TAMS 0x000000071a800000, 0x000000071a800000| Untracked 
| 117|0x000000071aa00000, 0x000000071aa00000, 0x000000071ac00000|  0%| F|  |TAMS 0x000000071aa00000, 0x000000071aa00000| Untracked 
| 118|0x000000071ac00000, 0x000000071ac00000, 0x000000071ae00000|  0%| F|  |TAMS 0x000000071ac00000, 0x000000071ac00000| Untracked 
| 119|0x000000071ae00000, 0x000000071b000000, 0x000000071b000000|100%| E|  |TAMS 0x000000071ae00000, 0x000000071ae00000| Complete 
| 120|0x000000071b000000, 0x000000071b200000, 0x000000071b200000|100%| E|CS|TAMS 0x000000071b000000, 0x000000071b000000| Complete 
| 121|0x000000071b200000, 0x000000071b400000, 0x000000071b400000|100%| E|CS|TAMS 0x000000071b200000, 0x000000071b200000| Complete 
|1950|0x00000007ffc00000, 0x00000007ffd75000, 0x00000007ffe00000| 72%|OA|  |TAMS 0x00000007ffc00000, 0x00000007ffc00000| Untracked 
|1951|0x00000007ffe00000, 0x00000007ffe77000, 0x0000000800000000| 23%|CA|  |TAMS 0x00000007ffe00000, 0x00000007ffe00000| Untracked 

Card table byte_map: [0x000074f128400000,0x000074f128ba0000] _byte_map_base: 0x000074f124ba0000

Marking Bits (Prev, Next): (CMBitMap*) 0x000000002140b0e0, (CMBitMap*) 0x000000002140b120
 Prev Bits: [0x000074f108e00000, 0x000074f10cb00000)
 Next Bits: [0x000074f105000000, 0x000074f108d00000)

Polling page: 0x000074f2286b9000

Metaspace:

Usage:
  Non-class:      1,95 MB used.
      Class:    233,27 KB used.
       Both:      2,18 MB used.

Virtual space:
  Non-class space:       64,00 MB reserved,       2,00 MB (  3%) committed,  1 nodes.
      Class space:        1,00 GB reserved,     320,00 KB ( <1%) committed,  1 nodes.
             Both:        1,06 GB reserved,       2,31 MB ( <1%) committed. 

Chunk freelists:
   Non-Class:  11,41 MB
       Class:  15,63 MB
        Both:  27,04 MB

MaxMetaspaceSize: unlimited
CompressedClassSpaceSize: 1,00 GB
Initial GC threshold: 21,00 MB
Current GC threshold: 21,00 MB
CDS: on
MetaspaceReclaimPolicy: balanced
 - commit_granule_bytes: 65536.
 - commit_granule_words: 8192.
 - virtual_space_node_default_size: 8388608.
 - enlarge_chunks_in_place: 1.
 - new_chunks_are_fully_committed: 0.
 - uncommit_free_chunks: 1.
 - use_allocation_guard: 0.
 - handle_deallocations: 1.


Internal statistics:

num_allocs_failed_limit: 0.
num_arena_births: 62.
num_arena_deaths: 0.
num_vsnodes_births: 2.
num_vsnodes_deaths: 0.
num_space_committed: 37.
num_space_uncommitted: 0.
num_chunks_returned_to_freelist: 0.
num_chunks_taken_from_freelist: 104.
num_chunk_merges: 0.
num_chunk_splits: 66.
num_chunks_enlarged: 43.
num_inconsistent_stats: 0.

CodeHeap 'non-profiled nmethods': size=120028Kb used=153Kb max_used=153Kb free=119874Kb
 bounds [0x000074f114ec9000, 0x000074f115139000, 0x000074f11c400000]
CodeHeap 'profiled nmethods': size=120028Kb used=654Kb max_used=654Kb free=119373Kb
 bounds [0x000074f10d400000, 0x000074f10d670000, 0x000074f114937000]
CodeHeap 'non-nmethods': size=5704Kb used=1130Kb max_used=1145Kb free=4573Kb
 bounds [0x000074f114937000, 0x000074f114ba7000, 0x000074f114ec9000]
 total_blobs=895 nmethods=476 adapters=333
 compilation: enabled
              stopped_count=0, restarted_count=0
 full_count=0

Compilation events (20 events):
Event: 0,194 Thread 0x00000000214e7110  466       3       java.util.zip.InflaterInputStream::ensureOpen (18 bytes)
Event: 0,195 Thread 0x00000000214e7110 nmethod 466 0x000074f10d49ed10 code [0x000074f10d49eec0, 0x000074f10d49f0c0]
Event: 0,195 Thread 0x00000000214e7110  468   !   3       java.util.jar.JarFile::checkForSpecialAttributes (163 bytes)
Event: 0,195 Thread 0x00000000214e7110 nmethod 468 0x000074f10d49f190 code [0x000074f10d49f4c0, 0x000074f10d4a0770]
Event: 0,195 Thread 0x00000000214e7110  469   !   3       java.util.jar.JarFile::isMultiRelease (33 bytes)
Event: 0,195 Thread 0x00000000214e7110 nmethod 469 0x000074f10d4a0f90 code [0x000074f10d4a1140, 0x000074f10d4a1340]
Event: 0,195 Thread 0x00000000214e7110  470       3       java.io.RandomAccessFile::seek (22 bytes)
Event: 0,195 Thread 0x00000000214e7110 nmethod 470 0x000074f10d4a1410 code [0x000074f10d4a15e0, 0x000074f10d4a1810]
Event: 0,195 Thread 0x00000000214e7110  471       3       java.util.WeakHashMap::getTable (9 bytes)
Event: 0,195 Thread 0x00000000214e7110 nmethod 471 0x000074f10d4a1910 code [0x000074f10d4a1ac0, 0x000074f10d4a1c00]
Event: 0,195 Thread 0x00000000214e7110  472   !   3       java.util.WeakHashMap::expungeStaleEntries (139 bytes)
Event: 0,196 Thread 0x00000000214e7110 nmethod 472 0x000074f10d4a1c90 code [0x000074f10d4a1ea0, 0x000074f10d4a28c0]
Event: 0,196 Thread 0x00000000214e7110  473       3       java.util.WeakHashMap::indexFor (6 bytes)
Event: 0,196 Thread 0x00000000214e7110 nmethod 473 0x000074f10d4a2d90 code [0x000074f10d4a2f20, 0x000074f10d4a3010]
Event: 0,196 Thread 0x00000000214e7110  474       3       java.util.regex.Pattern::has (15 bytes)
Event: 0,196 Thread 0x00000000214e7110 nmethod 474 0x000074f10d4a3090 code [0x000074f10d4a3220, 0x000074f10d4a3390]
Event: 0,201 Thread 0x00000000214e7110  475       3       java.lang.invoke.DirectMethodHandle::internalMemberName (8 bytes)
Event: 0,201 Thread 0x00000000214e7110 nmethod 475 0x000074f10d4a3410 code [0x000074f10d4a35c0, 0x000074f10d4a37b0]
Event: 0,201 Thread 0x00000000214e7110  476       3       java.util.ArrayDeque::inc (12 bytes)
Event: 0,201 Thread 0x00000000214e7110 nmethod 476 0x000074f10d4a3890 code [0x000074f10d4a3a20, 0x000074f10d4a3b30]

GC Heap History (0 events):
No events

Dll operation events (6 events):
Event: 0,014 Loaded shared library /usr/lib/jvm/java-17-openjdk-amd64/lib/libjava.so
Event: 0,035 Loaded shared library /usr/lib/jvm/java-17-openjdk-amd64/lib/libjsvml.so
Event: 0,045 Loaded shared library /usr/lib/jvm/java-17-openjdk-amd64/lib/libnio.so
Event: 0,067 Loaded shared library /usr/lib/jvm/java-17-openjdk-amd64/lib/libzip.so
Event: 0,081 Loaded shared library /usr/lib/jvm/java-17-openjdk-amd64/lib/libjimage.so
Event: 0,100 Loaded shared library /usr/lib/jvm/java-17-openjdk-amd64/lib/libnet.so

Deoptimization events (16 events):
Event: 0,059 Thread 0x00000000214b8030 Uncommon trap: trap_request=0xffffff45 fr.pc=0x000074f114eca278 relative=0x0000000000000258
Event: 0,059 Thread 0x00000000214b8030 Uncommon trap: reason=unstable_if action=reinterpret pc=0x000074f114eca278 method=java.util.zip.ZipCoder$UTF8ZipCoder.checkedHash([BII)I @ 75 c2
Event: 0,059 Thread 0x00000000214b8030 DEOPT PACKING pc=0x000074f114eca278 sp=0x00007fffcb23e6e0
Event: 0,059 Thread 0x00000000214b8030 DEOPT UNPACKING pc=0x000074f11498d699 sp=0x00007fffcb23e670 mode 2
Event: 0,065 Thread 0x00000000214b8030 Uncommon trap: trap_request=0xffffff45 fr.pc=0x000074f114ecb390 relative=0x0000000000000170
Event: 0,065 Thread 0x00000000214b8030 Uncommon trap: reason=unstable_if action=reinterpret pc=0x000074f114ecb390 method=java.util.zip.ZipFile$Source.isMetaName([BII)Z @ 43 c2
Event: 0,065 Thread 0x00000000214b8030 DEOPT PACKING pc=0x000074f114ecb390 sp=0x00007fffcb23e800
Event: 0,065 Thread 0x00000000214b8030 DEOPT UNPACKING pc=0x000074f11498d699 sp=0x00007fffcb23e7c8 mode 2
Event: 0,107 Thread 0x00000000214b8030 Uncommon trap: trap_request=0xffffff45 fr.pc=0x000074f114ed2d8c relative=0x000000000000026c
Event: 0,107 Thread 0x00000000214b8030 Uncommon trap: reason=unstable_if action=reinterpret pc=0x000074f114ed2d8c method=java.io.BufferedReader.read()I @ 19 c2
Event: 0,107 Thread 0x00000000214b8030 DEOPT PACKING pc=0x000074f114ed2d8c sp=0x00007fffcb23ec10
Event: 0,107 Thread 0x00000000214b8030 DEOPT UNPACKING pc=0x000074f11498d699 sp=0x00007fffcb23ebc0 mode 2
Event: 0,112 Thread 0x00000000214b8030 Uncommon trap: trap_request=0xffffff45 fr.pc=0x000074f114ed3388 relative=0x0000000000000268
Event: 0,112 Thread 0x00000000214b8030 Uncommon trap: reason=unstable_if action=reinterpret pc=0x000074f114ed3388 method=java.io.BufferedReader.read()I @ 19 c2
Event: 0,112 Thread 0x00000000214b8030 DEOPT PACKING pc=0x000074f114ed3388 sp=0x00007fffcb23ec40
Event: 0,112 Thread 0x00000000214b8030 DEOPT UNPACKING pc=0x000074f11498d699 sp=0x00007fffcb23eb80 mode 2

Classes loaded (20 events):
Event: 0,174 Loading class java/io/ObjectOutput done
Event: 0,174 Loading class java/io/ObjectOutputStream done
Event: 0,174 Loading class java/io/StreamCorruptedException
Event: 0,174 Loading class java/io/ObjectStreamException
Event: 0,174 Loading class java/io/ObjectStreamException done
Event: 0,174 Loading class java/io/StreamCorruptedException done
Event: 0,174 Loading class java/io/PrintWriter
Event: 0,174 Loading class java/io/PrintWriter done
Event: 0,174 Loading class java/util/InvalidPropertiesFormatException
Event: 0,175 Loading class java/util/InvalidPropertiesFormatException done
Event: 0,182 Loading class javax/naming/NamingException
Event: 0,182 Loading class javax/naming/NamingException done
Event: 0,182 Loading class javax/naming/Context
Event: 0,182 Loading class javax/naming/Context done
Event: 0,182 Loading class java/lang/AssertionError
Event: 0,182 Loading class java/lang/AssertionError done
Event: 0,193 Loading class java/net/URLClassLoader
Event: 0,193 Loading class java/net/URLClassLoader done
Event: 1,527 Loading class jdk/internal/misc/Signal$1
Event: 1,529 Loading class jdk/internal/misc/Signal$1 done

Classes unloaded (0 events):
No events

Classes redefined (0 events):
No events

Internal exceptions (4 events):
Event: 0,111 Thread 0x00000000214b8030 Exception <a 'java/lang/ClassNotFoundException'{0x000000071b0283b8}: javax/smartcardio/CardPermission> (0x000000071b0283b8) 
thrown [./src/hotspot/share/classfile/systemDictionary.cpp, line 256]
Event: 0,114 Thread 0x00000000214b8030 Exception <a 'java/io/FileNotFoundException'{0x000000071b035768}> (0x000000071b035768) 
thrown [./src/hotspot/share/prims/jni.cpp, line 516]
Event: 0,133 Thread 0x00000000214b8030 Exception <a 'java/lang/NoSuchMethodError'{0x000000071b1382f8}: 'java.lang.Object java.lang.invoke.DirectMethodHandle$Holder.invokeSpecial(java.lang.Object, java.lang.Object, java.lang.Object, long, java.lang.Object)'> (0x000000071b1382f8) 
thrown [./src/hotspot/share/interpreter/linkResolver.cpp, line 758]
Event: 0,133 Thread 0x00000000214b8030 Exception <a 'java/lang/NoSuchMethodError'{0x000000071b13bcf0}: 'java.lang.Object java.lang.invoke.Invokers$Holder.linkToTargetMethod(java.lang.Object, long, java.lang.Object, java.lang.Object)'> (0x000000071b13bcf0) 
thrown [./src/hotspot/share/interpreter/linkResolver.cpp, line 758]

VM Operations (3 events):
Event: 1,035 Executing VM operation: Cleanup
Event: 1,035 Executing VM operation: Cleanup done
Event: 1,530 Executing VM operation: Exit

Memory protections (13 events):
Event: 0,014 Protecting memory [0x00007fffcb147000,0x00007fffcb14b000] with protection modes 0
Event: 0,036 Protecting memory [0x000074f10cb00000,0x000074f10cb04000] with protection modes 0
Event: 0,036 Protecting memory [0x000074f108d00000,0x000074f108d04000] with protection modes 0
Event: 0,038 Protecting memory [0x000074f104cfe000,0x000074f104d02000] with protection modes 0
Event: 0,038 Protecting memory [0x000074f104bfe000,0x000074f104c02000] with protection modes 0
Event: 0,038 Protecting memory [0x000074f104afe000,0x000074f104b02000] with protection modes 0
Event: 0,038 Protecting memory [0x000074f1049fe000,0x000074f104a02000] with protection modes 0
Event: 0,039 Protecting memory [0x000074f1048fe000,0x000074f104902000] with protection modes 0
Event: 0,039 Protecting memory [0x000074f1047fe000,0x000074f104802000] with protection modes 0
Event: 0,040 Protecting memory [0x000074f1046fe000,0x000074f104702000] with protection modes 0
Event: 0,044 Protecting memory [0x000074f1044fd000,0x000074f104501000] with protection modes 0
Event: 0,062 Protecting memory [0x000074f1043fd000,0x000074f104401000] with protection modes 0
Event: 1,529 Protecting memory [0x000074f0f0b00000,0x000074f0f0b04000] with protection modes 0

Nmethod flushes (0 events):
No events

Events (15 events):
Event: 0,035 Thread 0x00000000214b8030 Thread added: 0x00000000214b8030
Event: 0,036 Thread 0x00000000214b8030 Thread added: 0x00000000214b4a40
Event: 0,036 Thread 0x00000000214b8030 Thread added: 0x00000000214a33d0
Event: 0,038 Thread 0x00000000214b8030 Thread added: 0x000000002142ff70
Event: 0,038 Thread 0x00000000214b8030 Thread added: 0x000000002148fa10
Event: 0,038 Thread 0x00000000214b8030 Thread added: 0x00000000214a9520
Event: 0,038 Thread 0x00000000214b8030 Thread added: 0x0000000021423580
Event: 0,039 Thread 0x00000000214b8030 Thread added: 0x00000000214e7110
Event: 0,039 Thread 0x00000000214b8030 Thread added: 0x000000002149e1b0
Event: 0,040 Thread 0x00000000214b8030 Thread added: 0x000000002142dd10
Event: 0,044 Thread 0x00000000214b8030 Thread added: 0x0000000021410000
Event: 0,062 Thread 0x0000000021423580 Thread added: 0x000074f07c07e4e0
Event: 1,529 Thread 0x000000002142ff70 Thread added: 0x000074f08c001310
Event: 1,529 Thread 0x000074f08c001310 Before exit entered
Event: 1,530 Thread 0x000000002142ff70 Thread exited: 0x000000002142ff70


Dynamic libraries:
00400000-0041f000 r--p 00000000 00:41 996647                             /home/ghi/miniconda3/envs/ir-project-env/bin/python3.10
0041f000-0061e000 r-xp 0001f000 00:41 996647                             /home/ghi/miniconda3/envs/ir-project-env/bin/python3.10
0061e000-00720000 r--p 0021e000 00:41 996647                             /home/ghi/miniconda3/envs/ir-project-env/bin/python3.10
00720000-00721000 r--p 00320000 00:41 996647                             /home/ghi/miniconda3/envs/ir-project-env/bin/python3.10
00721000-00753000 rw-p 00321000 00:41 996647                             /home/ghi/miniconda3/envs/ir-project-env/bin/python3.10
00753000-00759000 rw-p 00000000 00:00 0 
1866e000-3362a000 rw-p 00000000 00:00 0                                  [heap]
70c000000-71b400000 rw-p 00000000 00:00 0 
71b400000-7ffc00000 ---p 00000000 00:00 0 
7ffc00000-7ffd00000 rw-p 00000000 00:00 0 
7ffd00000-7ffd75000 rw-p 00c78000 00:1c 1437555                          /usr/lib/jvm/java-17-openjdk-amd64/lib/server/classes.jsa
7ffd75000-7ffe00000 rw-p 00000000 00:00 0 
7ffe00000-7ffe77000 rw-p 00c01000 00:1c 1437555                          /usr/lib/jvm/java-17-openjdk-amd64/lib/server/classes.jsa
7ffe77000-800000000 rw-p 00000000 00:00 0 
74f050000000-74f050021000 rw-p 00000000 00:00 0 
74f050021000-74f054000000 ---p 00000000 00:00 0 
74f058000000-74f05807c000 rw-p 00000000 00:00 0 
74f05807c000-74f05c000000 ---p 00000000 00:00 0 
74f05c000000-74f05c021000 rw-p 00000000 00:00 0 
74f05c021000-74f060000000 ---p 00000000 00:00 0 
74f064000000-74f064021000 rw-p 00000000 00:00 0 
74f064021000-74f068000000 ---p 00000000 00:00 0 
74f068000000-74f068021000 rw-p 00000000 00:00 0 
74f068021000-74f06c000000 ---p 00000000 00:00 0 
74f070000000-74f070021000 rw-p 00000000 00:00 0 
74f070021000-74f074000000 ---p 00000000 00:00 0 
74f074000000-74f0740c8000 rw-p 00000000 00:00 0 
74f0740c8000-74f078000000 ---p 00000000 00:00 0 
74f07c000000-74f07c159000 rw-p 00000000 00:00 0 
74f07c159000-74f080000000 ---p 00000000 00:00 0 
74f080000000-74f080021000 rw-p 00000000 00:00 0 
74f080021000-74f084000000 ---p 00000000 00:00 0 
74f088000000-74f088021000 rw-p 00000000 00:00 0 
74f088021000-74f08c000000 ---p 00000000 00:00 0 
74f08c000000-74f08c021000 rw-p 00000000 00:00 0 
74f08c021000-74f090000000 ---p 00000000 00:00 0 
74f094000000-74f094021000 rw-p 00000000 00:00 0 
74f094021000-74f098000000 ---p 00000000 00:00 0 
74f098000000-74f098021000 rw-p 00000000 00:00 0 
74f098021000-74f09c000000 ---p 00000000 00:00 0 
74f0a0000000-74f0a0021000 rw-p 00000000 00:00 0 
74f0a0021000-74f0a4000000 ---p 00000000 00:00 0 
74f0a5a00000-74f0a7160000 rw-p 00000000 00:00 0 
74f0a7160000-74f0a7400000 ---p 00000000 00:00 0 
74f0a7400000-74f0a74a0000 rw-p 00000000 00:00 0 
74f0a74a0000-74f0ab000000 ---p 00000000 00:00 0 
74f0ab000000-74f0abbc9000 rw-p 00001000 00:1c 1437555                    /usr/lib/jvm/java-17-openjdk-amd64/lib/server/classes.jsa
74f0abbc9000-74f0ac000000 ---p 00000000 00:00 0 
74f0ac000000-74f0ac020000 rw-p 00000000 00:00 0 
74f0ac020000-74f0ac040000 ---p 00000000 00:00 0 
74f0ac040000-74f0ac070000 rw-p 00000000 00:00 0 
74f0ac070000-74f0ec000000 ---p 00000000 00:00 0 
74f0ec000000-74f0ec021000 rw-p 00000000 00:00 0 
74f0ec021000-74f0f0000000 ---p 00000000 00:00 0 
74f0f0000000-74f0f0b00000 rw-p 00000000 00:00 0 
74f0f0b00000-74f0f0b04000 ---p 00000000 00:00 0 
74f0f0b04000-74f0f0c00000 rw-p 00000000 00:00 0 
74f0f0c00000-74f0f4021000 rw-p 00000000 00:00 0 
74f0f4021000-74f0f8000000 ---p 00000000 00:00 0 
74f0f8000000-74f0f8021000 rw-p 00000000 00:00 0 
74f0f8021000-74f0fc000000 ---p 00000000 00:00 0 
74f0fc000000-74f100021000 rw-p 00000000 00:00 0 
74f100021000-74f104000000 ---p 00000000 00:00 0 
74f1040fd000-74f1043fd000 rw-p 00000000 00:00 0 
74f1043fd000-74f104401000 ---p 00000000 00:00 0 
74f104401000-74f1044fd000 rw-p 00000000 00:00 0 
74f1044fd000-74f104501000 ---p 00000000 00:00 0 
74f104501000-74f1045fd000 rw-p 00000000 00:00 0 
74f1045fd000-74f1045fe000 ---p 00000000 00:00 0 
74f1045fe000-74f1046fe000 rw-p 00000000 00:00 0 
74f1046fe000-74f104702000 ---p 00000000 00:00 0 
74f104702000-74f1047fe000 rw-p 00000000 00:00 0 
74f1047fe000-74f104802000 ---p 00000000 00:00 0 
74f104802000-74f1048fe000 rw-p 00000000 00:00 0 
74f1048fe000-74f104902000 ---p 00000000 00:00 0 
74f104902000-74f1049fe000 rw-p 00000000 00:00 0 
74f1049fe000-74f104a02000 ---p 00000000 00:00 0 
74f104a02000-74f104afe000 rw-p 00000000 00:00 0 
74f104afe000-74f104b02000 ---p 00000000 00:00 0 
74f104b02000-74f104bfe000 rw-p 00000000 00:00 0 
74f104bfe000-74f104c02000 ---p 00000000 00:00 0 
74f104c02000-74f104cfe000 rw-p 00000000 00:00 0 
74f104cfe000-74f104d02000 ---p 00000000 00:00 0 
74f104d02000-74f104dfe000 rw-p 00000000 00:00 0 
74f104dfe000-74f104dff000 ---p 00000000 00:00 0 
74f104dff000-74f104eff000 rw-p 00000000 00:00 0 
74f104eff000-74f104f00000 ---p 00000000 00:00 0 
74f104f00000-74f105000000 rw-p 00000000 00:00 0 
74f105000000-74f1053d0000 rw-p 00000000 00:00 0 
74f1053d0000-74f108cf0000 ---p 00000000 00:00 0 
74f108cf0000-74f108d00000 rw-p 00000000 00:00 0 
74f108d00000-74f108d04000 ---p 00000000 00:00 0 
74f108d04000-74f108e00000 rw-p 00000000 00:00 0 
74f108e00000-74f1091d0000 rw-p 00000000 00:00 0 
74f1091d0000-74f10caf0000 ---p 00000000 00:00 0 
74f10caf0000-74f10cb00000 rw-p 00000000 00:00 0 
74f10cb00000-74f10cb04000 ---p 00000000 00:00 0 
74f10cb04000-74f10cc00000 rw-p 00000000 00:00 0 
74f10cc00000-74f10cc7a000 rw-p 00000000 00:00 0 
74f10cc7a000-74f10d39e000 ---p 00000000 00:00 0 
74f10d39e000-74f10d3a0000 rw-p 00000000 00:00 0 
74f10d400000-74f10d670000 rwxp 00000000 00:00 0 
74f10d670000-74f114937000 ---p 00000000 00:00 0 
74f114937000-74f114ba7000 rwxp 00000000 00:00 0 
74f114ba7000-74f114ec9000 ---p 00000000 00:00 0 
74f114ec9000-74f115139000 rwxp 00000000 00:00 0 
74f115139000-74f11c400000 ---p 00000000 00:00 0 
74f11c400000-74f123e9e000 r--s 00000000 00:1c 1437554                    /usr/lib/jvm/java-17-openjdk-amd64/lib/modules
74f123eff000-74f123f00000 ---p 00000000 00:00 0 
74f123f00000-74f124000000 rw-p 00000000 00:00 0 
74f124000000-74f124021000 rw-p 00000000 00:00 0 
74f124021000-74f128000000 ---p 00000000 00:00 0 
74f12802c000-74f128031000 r--p 00000000 00:1c 1437539                    /usr/lib/jvm/java-17-openjdk-amd64/lib/libjsvml.so
74f128031000-74f128072000 r-xp 00005000 00:1c 1437539                    /usr/lib/jvm/java-17-openjdk-amd64/lib/libjsvml.so
74f128072000-74f1280fb000 r--p 00046000 00:1c 1437539                    /usr/lib/jvm/java-17-openjdk-amd64/lib/libjsvml.so
74f1280fb000-74f1280fc000 r--p 000ce000 00:1c 1437539                    /usr/lib/jvm/java-17-openjdk-amd64/lib/libjsvml.so
74f1280fc000-74f1280fd000 rw-p 000cf000 00:1c 1437539                    /usr/lib/jvm/java-17-openjdk-amd64/lib/libjsvml.so
74f1280fd000-74f1280fe000 ---p 00000000 00:00 0 
74f1280fe000-74f1281fe000 rw-p 00000000 00:00 0 
74f1281fe000-74f1281ff000 ---p 00000000 00:00 0 
74f1281ff000-74f1282ff000 rw-p 00000000 00:00 0 
74f1282ff000-74f128300000 ---p 00000000 00:00 0 
74f128300000-74f128400000 rw-p 00000000 00:00 0 
74f128400000-74f12847a000 rw-p 00000000 00:00 0 
74f12847a000-74f128b9e000 ---p 00000000 00:00 0 
74f128b9e000-74f128ba0000 rw-p 00000000 00:00 0 
74f128c00000-74f128c7a000 rw-p 00000000 00:00 0 
74f128c7a000-74f12939e000 ---p 00000000 00:00 0 
74f12939e000-74f1293a0000 rw-p 00000000 00:00 0 
74f1293f1000-74f1293f3000 r--p 00000000 00:1c 1437553                    /usr/lib/jvm/java-17-openjdk-amd64/lib/libzip.so
74f1293f3000-74f1293f8000 r-xp 00002000 00:1c 1437553                    /usr/lib/jvm/java-17-openjdk-amd64/lib/libzip.so
74f1293f8000-74f1293fa000 r--p 00007000 00:1c 1437553                    /usr/lib/jvm/java-17-openjdk-amd64/lib/libzip.so
74f1293fa000-74f1293fb000 r--p 00008000 00:1c 1437553                    /usr/lib/jvm/java-17-openjdk-amd64/lib/libzip.so
74f1293fb000-74f1293fc000 rw-p 00009000 00:1c 1437553                    /usr/lib/jvm/java-17-openjdk-amd64/lib/libzip.so
74f1293fc000-74f129400000 r--p 00000000 00:1c 1437545                    /usr/lib/jvm/java-17-openjdk-amd64/lib/libnet.so
74f129400000-74f12940e000 r-xp 00004000 00:1c 1437545                    /usr/lib/jvm/java-17-openjdk-amd64/lib/libnet.so
74f12940e000-74f129412000 r--p 00012000 00:1c 1437545                    /usr/lib/jvm/java-17-openjdk-amd64/lib/libnet.so
74f129412000-74f129413000 r--p 00015000 00:1c 1437545                    /usr/lib/jvm/java-17-openjdk-amd64/lib/libnet.so
74f129413000-74f129414000 rw-p 00016000 00:1c 1437545                    /usr/lib/jvm/java-17-openjdk-amd64/lib/libnet.so
74f129414000-74f12941b000 r--p 00000000 00:1c 1437546                    /usr/lib/jvm/java-17-openjdk-amd64/lib/libnio.so
74f12941b000-74f129424000 r-xp 00007000 00:1c 1437546                    /usr/lib/jvm/java-17-openjdk-amd64/lib/libnio.so
74f129424000-74f129428000 r--p 00010000 00:1c 1437546                    /usr/lib/jvm/java-17-openjdk-amd64/lib/libnio.so
74f129428000-74f129429000 r--p 00014000 00:1c 1437546                    /usr/lib/jvm/java-17-openjdk-amd64/lib/libnio.so
74f129429000-74f12942a000 rw-p 00015000 00:1c 1437546                    /usr/lib/jvm/java-17-openjdk-amd64/lib/libnio.so
74f12942a000-74f12942f000 rw-p 00000000 00:00 0 
74f12942f000-74f129515000 ---p 00000000 00:00 0 
74f129515000-74f12951a000 rw-p 00000000 00:00 0 
74f12951a000-74f129600000 ---p 00000000 00:00 0 
74f129600000-74f129851000 r--p 00000000 00:1c 1437558                    /usr/lib/jvm/java-17-openjdk-amd64/lib/server/libjvm.so
74f129851000-74f12a5c4000 r-xp 00251000 00:1c 1437558                    /usr/lib/jvm/java-17-openjdk-amd64/lib/server/libjvm.so
74f12a5c4000-74f12a845000 r--p 00fc4000 00:1c 1437558                    /usr/lib/jvm/java-17-openjdk-amd64/lib/server/libjvm.so
74f12a845000-74f12a8fd000 r--p 01245000 00:1c 1437558                    /usr/lib/jvm/java-17-openjdk-amd64/lib/server/libjvm.so
74f12a8fd000-74f12a932000 rw-p 012fd000 00:1c 1437558                    /usr/lib/jvm/java-17-openjdk-amd64/lib/server/libjvm.so
74f12a932000-74f12a98c000 rw-p 00000000 00:00 0 
74f12a995000-74f12aa18000 rw-p 00000000 00:00 0 
74f12aa18000-74f12aa1f000 ---p 00000000 00:00 0 
74f12aa1f000-74f12aa2b000 r--p 00000000 00:1c 1437532                    /usr/lib/jvm/java-17-openjdk-amd64/lib/libjava.so
74f12aa2b000-74f12aa3e000 r-xp 0000c000 00:1c 1437532                    /usr/lib/jvm/java-17-openjdk-amd64/lib/libjava.so
74f12aa3e000-74f12aa44000 r--p 0001f000 00:1c 1437532                    /usr/lib/jvm/java-17-openjdk-amd64/lib/libjava.so
74f12aa44000-74f12aa45000 r--p 00024000 00:1c 1437532                    /usr/lib/jvm/java-17-openjdk-amd64/lib/libjava.so
74f12aa45000-74f12aa46000 rw-p 00025000 00:1c 1437532                    /usr/lib/jvm/java-17-openjdk-amd64/lib/libjava.so
74f12aa46000-74f12aa47000 rw-p 00000000 00:00 0 
74f12aa47000-74f12aa4f000 rw-s 00000000 00:1c 1588977                    /tmp/hsperfdata_ghi/133180 (deleted)
74f12aa4f000-74f12aa51000 r--p 00000000 00:1c 1437535                    /usr/lib/jvm/java-17-openjdk-amd64/lib/libjimage.so
74f12aa51000-74f12aa54000 r-xp 00002000 00:1c 1437535                    /usr/lib/jvm/java-17-openjdk-amd64/lib/libjimage.so
74f12aa54000-74f12aa55000 r--p 00005000 00:1c 1437535                    /usr/lib/jvm/java-17-openjdk-amd64/lib/libjimage.so
74f12aa55000-74f12aa56000 r--p 00006000 00:1c 1437535                    /usr/lib/jvm/java-17-openjdk-amd64/lib/libjimage.so
74f12aa56000-74f12aa57000 rw-p 00007000 00:1c 1437535                    /usr/lib/jvm/java-17-openjdk-amd64/lib/libjimage.so
74f12aa57000-74f12aa5e000 r--p 00000000 00:41 1053987                    /home/ghi/miniconda3/envs/ir-project-env/lib/python3.10/site-packages/jnius/jnius.cpython-310-x86_64-linux-gnu.so
74f12aa5e000-74f12aaea000 r-xp 00007000 00:41 1053987                    /home/ghi/miniconda3/envs/ir-project-env/lib/python3.10/site-packages/jnius/jnius.cpython-310-x86_64-linux-gnu.so
74f12aaea000-74f12aaf9000 r--p 00093000 00:41 1053987                    /home/ghi/miniconda3/envs/ir-project-env/lib/python3.10/site-packages/jnius/jnius.cpython-310-x86_64-linux-gnu.so
74f12aaf9000-74f12aafa000 ---p 000a2000 00:41 1053987                    /home/ghi/miniconda3/envs/ir-project-env/lib/python3.10/site-packages/jnius/jnius.cpython-310-x86_64-linux-gnu.so
74f12aafa000-74f12aafb000 r--p 000a2000 00:41 1053987                    /home/ghi/miniconda3/envs/ir-project-env/lib/python3.10/site-packages/jnius/jnius.cpython-310-x86_64-linux-gnu.so
74f12aafb000-74f12aaff000 rw-p 000a3000 00:41 1053987                    /home/ghi/miniconda3/envs/ir-project-env/lib/python3.10/site-packages/jnius/jnius.cpython-310-x86_64-linux-gnu.so
74f12aaff000-74f12ac00000 rw-p 00000000 00:00 0 
74f12ac00000-74f12ac01000 ---p 00000000 00:00 0 
74f12ac01000-74f12b401000 rw-p 00000000 00:00 0 
74f12b401000-74f12b402000 r--p 00000000 00:1c 36664                      /usr/lib/x86_64-linux-gnu/libnss_mdns4_minimal.so.2
74f12b402000-74f12b404000 r-xp 00001000 00:1c 36664                      /usr/lib/x86_64-linux-gnu/libnss_mdns4_minimal.so.2
74f12b404000-74f12b405000 r--p 00003000 00:1c 36664                      /usr/lib/x86_64-linux-gnu/libnss_mdns4_minimal.so.2
74f12b405000-74f12b406000 r--p 00003000 00:1c 36664                      /usr/lib/x86_64-linux-gnu/libnss_mdns4_minimal.so.2
74f12b406000-74f12b407000 rw-p 00004000 00:1c 36664                      /usr/lib/x86_64-linux-gnu/libnss_mdns4_minimal.so.2
74f12b407000-74f12b707000 rw-p 00000000 00:00 0 
74f12b707000-74f12b719000 r--p 00000000 00:41 298328                     /home/ghi/miniconda3/envs/ir-project-env/lib/libsqlite3.so.0.8.6
74f12b719000-74f12b828000 r-xp 00012000 00:41 298328                     /home/ghi/miniconda3/envs/ir-project-env/lib/libsqlite3.so.0.8.6
74f12b828000-74f12b85e000 r--p 00121000 00:41 298328                     /home/ghi/miniconda3/envs/ir-project-env/lib/libsqlite3.so.0.8.6
74f12b85e000-74f12b85f000 ---p 00157000 00:41 298328                     /home/ghi/miniconda3/envs/ir-project-env/lib/libsqlite3.so.0.8.6
74f12b85f000-74f12b863000 r--p 00157000 00:41 298328                     /home/ghi/miniconda3/envs/ir-project-env/lib/libsqlite3.so.0.8.6
74f12b863000-74f12b867000 rw-p 0015b000 00:41 298328                     /home/ghi/miniconda3/envs/ir-project-env/lib/libsqlite3.so.0.8.6
74f12b867000-74f12b868000 rw-p 00000000 00:00 0 
74f12b868000-74f12b86f000 r--p 00000000 00:41 996226                     /home/ghi/miniconda3/envs/ir-project-env/lib/python3.10/lib-dynload/_sqlite3.cpython-310-x86_64-linux-gnu.so
74f12b86f000-74f12b87c000 r-xp 00007000 00:41 996226                     /home/ghi/miniconda3/envs/ir-project-env/lib/python3.10/lib-dynload/_sqlite3.cpython-310-x86_64-linux-gnu.so
74f12b87c000-74f12b881000 r--p 00014000 00:41 996226                     /home/ghi/miniconda3/envs/ir-project-env/lib/python3.10/lib-dynload/_sqlite3.cpython-310-x86_64-linux-gnu.so
74f12b881000-74f12b882000 r--p 00019000 00:41 996226                     /home/ghi/miniconda3/envs/ir-project-env/lib/python3.10/lib-dynload/_sqlite3.cpython-310-x86_64-linux-gnu.so
74f12b882000-74f12b884000 rw-p 0001a000 00:41 996226                     /home/ghi/miniconda3/envs/ir-project-env/lib/python3.10/lib-dynload/_sqlite3.cpython-310-x86_64-linux-gnu.so
74f12b884000-74f12ba84000 rw-p 00000000 00:00 0 
74f12ba84000-74f12ba8b000 r--p 00000000 00:41 1013989                    /home/ghi/miniconda3/envs/ir-project-env/lib/python3.10/site-packages/sklearn/datasets/_svmlight_format_fast.cpython-310-x86_64-linux-gnu.so
74f12ba8b000-74f12baf2000 r-xp 00007000 00:41 1013989                    /home/ghi/miniconda3/envs/ir-project-env/lib/python3.10/site-packages/sklearn/datasets/_svmlight_format_fast.cpython-310-x86_64-linux-gnu.so
74f12baf2000-74f12bafe000 r--p 0006e000 00:41 1013989                    /home/ghi/miniconda3/envs/ir-project-env/lib/python3.10/site-packages/sklearn/datasets/_svmlight_format_fast.cpython-310-x86_64-linux-gnu.so
74f12bafe000-74f12baff000 r--p 0007a000 00:41 1013989                    /home/ghi/miniconda3/envs/ir-project-env/lib/python3.10/site-packages/sklearn/datasets/_svmlight_format_fast.cpython-310-x86_64-linux-gnu.so
74f12baff000-74f12bb03000 rw-p 0007b000 00:41 1013989                    /home/ghi/miniconda3/envs/ir-project-env/lib/python3.10/site-packages/sklearn/datasets/_svmlight_format_fast.cpython-310-x86_64-linux-gnu.so
74f12bb03000-74f12bb04000 rw-p 00000000 00:00 0 
74f12bb04000-74f12bb08000 r--p 00000000 00:41 390189                     /home/ghi/miniconda3/envs/ir-project-env/lib/python3.10/site-packages/scipy/io/matlab/_streams.cpython-310-x86_64-linux-gnu.so
74f12bb08000-74f12bb1c000 r-xp 00004000 00:41 390189                     /home/ghi/miniconda3/envs/ir-project-env/lib/python3.10/site-packages/scipy/io/matlab/_streams.cpython-310-x86_64-linux-gnu.so
74f12bb1c000-74f12bb21000 r--p 00018000 00:41 390189                     /home/ghi/miniconda3/envs/ir-project-env/lib/python3.10/site-packages/scipy/io/matlab/_streams.cpython-310-x86_64-linux-gnu.so
74f12bb21000-74f12bb22000 r--p 0001c000 00:41 390189                     /home/ghi/miniconda3/envs/ir-project-env/lib/python3.10/site-packages/scipy/io/matlab/_streams.cpython-310-x86_64-linux-gnu.so
74f12bb22000-74f12bb23000 rw-p 0001d000 00:41 390189                     /home/ghi/miniconda3/envs/ir-project-env/lib/python3.10/site-packages/scipy/io/matlab/_streams.cpython-310-x86_64-linux-gnu.so
74f12bb23000-74f12bb24000 rw-p 00000000 00:00 0 
74f12bb24000-74f12bb29000 r--p 00000000 00:41 390210                     /home/ghi/miniconda3/envs/ir-project-env/lib/python3.10/site-packages/scipy/io/matlab/_mio5_utils.cpython-310-x86_64-linux-gnu.so
74f12bb29000-74f12bb4d000 r-xp 00005000 00:41 390210                     /home/ghi/miniconda3/envs/ir-project-env/lib/python3.10/site-packages/scipy/io/matlab/_mio5_utils.cpython-310-x86_64-linux-gnu.so
74f12bb4d000-74f12bb55000 r--p 00029000 00:41 390210                     /home/ghi/miniconda3/envs/ir-project-env/lib/python3.10/site-packages/scipy/io/matlab/_mio5_utils.cpython-310-x86_64-linux-gnu.so
74f12bb55000-74f12bb56000 r--p 00030000 00:41 390210                     /home/ghi/miniconda3/envs/ir-project-env/lib/python3.10/site-packages/scipy/io/matlab/_mio5_utils.cpython-310-x86_64-linux-gnu.so
74f12bb56000-74f12bb58000 rw-p 00031000 00:41 390210                     /home/ghi/miniconda3/envs/ir-project-env/lib/python3.10/site-packages/scipy/io/matlab/_mio5_utils.cpython-310-x86_64-linux-gnu.so
74f12bb58000-74f12bc58000 rw-p 00000000 00:00 0 
74f12bc58000-74f12bc5b000 r--p 00000000 00:41 390157                     /home/ghi/miniconda3/envs/ir-project-env/lib/python3.10/site-packages/scipy/io/matlab/_mio_utils.cpython-310-x86_64-linux-gnu.so
74f12bc5b000-74f12bc63000 r-xp 00003000 00:41 390157                     /home/ghi/miniconda3/envs/ir-project-env/lib/python3.10/site-packages/scipy/io/matlab/_mio_utils.cpython-310-x86_64-linux-gnu.so
74f12bc63000-74f12bc66000 r--p 0000b000 00:41 390157                     /home/ghi/miniconda3/envs/ir-project-env/lib/python3.10/site-packages/scipy/io/matlab/_mio_utils.cpython-310-x86_64-linux-gnu.so
74f12bc66000-74f12bc67000 r--p 0000d000 00:41 390157                     /home/ghi/miniconda3/envs/ir-project-env/lib/python3.10/site-packages/scipy/io/matlab/_mio_utils.cpython-310-x86_64-linux-gnu.so
74f12bc67000-74f12bc68000 rw-p 0000e000 00:41 390157                     /home/ghi/miniconda3/envs/ir-project-env/lib/python3.10/site-packages/scipy/io/matlab/_mio_utils.cpython-310-x86_64-linux-gnu.so
74f12bc68000-74f12bc6d000 r--p 00000000 00:41 1013508                    /home/ghi/miniconda3/envs/ir-project-env/lib/python3.10/site-packages/sklearn/utils/_weight_vector.cpython-310-x86_64-linux-gnu.so
74f12bc6d000-74f12bc89000 r-xp 00005000 00:41 1013508                    /home/ghi/miniconda3/envs/ir-project-env/lib/python3.10/site-packages/sklearn/utils/_weight_vector.cpython-310-x86_64-linux-gnu.so
74f12bc89000-74f12bc90000 r--p 00021000 00:41 1013508                    /home/ghi/miniconda3/envs/ir-project-env/lib/python3.10/site-packages/sklearn/utils/_weight_vector.cpython-310-x86_64-linux-gnu.so
74f12bc90000-74f12bc91000 r--p 00028000 00:41 1013508                    /home/ghi/miniconda3/envs/ir-project-env/lib/python3.10/site-packages/sklearn/utils/_weight_vector.cpython-310-x86_64-linux-gnu.so
74f12bc91000-74f12bc93000 rw-p 00029000 00:41 1013508                    /home/ghi/miniconda3/envs/ir-project-env/lib/python3.10/site-packages/sklearn/utils/_weight_vector.cpython-310-x86_64-linux-gnu.so
74f12bc93000-74f12bc99000 r--p 00000000 00:41 1013790                    /home/ghi/miniconda3/envs/ir-project-env/lib/python3.10/site-packages/sklearn/linear_model/_sgd_fast.cpython-310-x86_64-linux-gnu.so
74f12bc99000-74f12bccf000 r-xp 00006000 00:41 1013790                    /home/ghi/miniconda3/envs/ir-project-env/lib/python3.10/site-packages/sklearn/linear_model/_sgd_fast.cpython-310-x86_64-linux-gnu.so
74f12bccf000-74f12bcdc000 r--p 0003c000 00:41 1013790                    /home/ghi/miniconda3/envs/ir-project-env/lib/python3.10/site-packages/sklearn/linear_model/_sgd_fast.cpython-310-x86_64-linux-gnu.so
74f12bcdc000-74f12bcdd000 r--p 00048000 00:41 1013790                    /home/ghi/miniconda3/envs/ir-project-env/lib/python3.10/site-packages/sklearn/linear_model/_sgd_fast.cpython-310-x86_64-linux-gnu.so
74f12bcdd000-74f12bce0000 rw-p 00049000 00:41 1013790                    /home/ghi/miniconda3/envs/ir-project-env/lib/python3.10/site-packages/sklearn/linear_model/_sgd_fast.cpython-310-x86_64-linux-gnu.so
74f12bce0000-74f12bce1000 rw-p 00000000 00:00 0 
74f12bce1000-74f12bce6000 r--p 00000000 00:41 1013669                    /home/ghi/miniconda3/envs/ir-project-env/lib/python3.10/site-packages/sklearn/linear_model/_sag_fast.cpython-310-x86_64-linux-gnu.so
74f12bce6000-74f12bd14000 r-xp 00005000 00:41 1013669                    /home/ghi/miniconda3/envs/ir-project-env/lib/python3.10/site-packages/sklearn/linear_model/_sag_fast.cpython-310-x86_64-linux-gnu.so
74f12bd14000-74f12bd1d000 r--p 00033000 00:41 1013669                    /home/ghi/miniconda3/envs/ir-project-env/lib/python3.10/site-packages/sklearn/linear_model/_sag_fast.cpython-310-x86_64-linux-gnu.so
74f12bd1d000-74f12bd1e000 r--p 0003c000 00:41 1013669                    /home/ghi/miniconda3/envs/ir-project-env/lib/python3.10/site-packages/sklearn/linear_model/_sag_fast.cpython-310-x86_64-linux-gnu.so
74f12bd1e000-74f12bd20000 rw-p 0003d000 00:41 1013669                    /home/ghi/miniconda3/envs/ir-project-env/lib/python3.10/site-packages/sklearn/linear_model/_sag_fast.cpython-310-x86_64-linux-gnu.so
74f12bd20000-74f12bd21000 rw-p 00000000 00:00 0 
74f12bd21000-74f12bd2a000 r--p 00000000 00:41 1013864                    /home/ghi/miniconda3/envs/ir-project-env/lib/python3.10/site-packages/sklearn/svm/_libsvm_sparse.cpython-310-x86_64-linux-gnu.so
74f12bd2a000-74f12bd79000 r-xp 00009000 00:41 1013864                    /home/ghi/miniconda3/envs/ir-project-env/lib/python3.10/site-packages/sklearn/svm/_libsvm_sparse.cpython-310-x86_64-linux-gnu.so
74f12bd79000-74f12bd86000 r--p 00058000 00:41 1013864                    /home/ghi/miniconda3/envs/ir-project-env/lib/python3.10/site-packages/sklearn/svm/_libsvm_sparse.cpython-310-x86_64-linux-gnu.so
74f12bd86000-74f12bd87000 r--p 00064000 00:41 1013864                    /home/ghi/miniconda3/envs/ir-project-env/lib/python3.10/site-packages/sklearn/svm/_libsvm_sparse.cpython-310-x86_64-linux-gnu.so
74f12bd87000-74f12bd89000 rw-p 00065000 00:41 1013864                    /home/ghi/miniconda3/envs/ir-project-env/lib/python3.10/site-packages/sklearn/svm/_libsvm_sparse.cpython-310-x86_64-linux-gnu.so
74f12bd89000-74f12bd8b000 rw-p 00000000 00:00 0 
74f12bd8b000-74f12bd94000 r--p 00000000 00:41 1013959                    /home/ghi/miniconda3/envs/ir-project-env/lib/python3.10/site-packages/sklearn/svm/_libsvm.cpython-310-x86_64-linux-gnu.so
74f12bd94000-74f12bdec000 r-xp 00009000 00:41 1013959                    /home/ghi/miniconda3/envs/ir-project-env/lib/python3.10/site-packages/sklearn/svm/_libsvm.cpython-310-x86_64-linux-gnu.so
74f12bdec000-74f12bdfb000 r--p 00061000 00:41 1013959                    /home/ghi/miniconda3/envs/ir-project-env/lib/python3.10/site-packages/sklearn/svm/_libsvm.cpython-310-x86_64-linux-gnu.so
74f12bdfb000-74f12bdfc000 r--p 00070000 00:41 1013959                    /home/ghi/miniconda3/envs/ir-project-env/lib/python3.10/site-packages/sklearn/svm/_libsvm.cpython-310-x86_64-linux-gnu.so
74f12bdfc000-74f12bdfe000 rw-p 00071000 00:41 1013959                    /home/ghi/miniconda3/envs/ir-project-env/lib/python3.10/site-packages/sklearn/svm/_libsvm.cpython-310-x86_64-linux-gnu.so
74f12bdfe000-74f12be00000 rw-p 00000000 00:00 0 
74f12be00000-74f12be07000 r--p 00000000 00:41 1013642                    /home/ghi/miniconda3/envs/ir-project-env/lib/python3.10/site-packages/sklearn/svm/_liblinear.cpython-310-x86_64-linux-gnu.so
74f12be07000-74f12be32000 r-xp 00007000 00:41 1013642                    /home/ghi/miniconda3/envs/ir-project-env/lib/python3.10/site-packages/sklearn/svm/_liblinear.cpython-310-x86_64-linux-gnu.so
74f12be32000-74f12be3b000 r--p 00032000 00:41 1013642                    /home/ghi/miniconda3/envs/ir-project-env/lib/python3.10/site-packages/sklearn/svm/_liblinear.cpython-310-x86_64-linux-gnu.so
74f12be3b000-74f12be3c000 r--p 0003b000 00:41 1013642                    /home/ghi/miniconda3/envs/ir-project-env/lib/python3.10/site-packages/sklearn/svm/_liblinear.cpython-310-x86_64-linux-gnu.so
74f12be3c000-74f12be3e000 rw-p 0003c000 00:41 1013642                    /home/ghi/miniconda3/envs/ir-project-env/lib/python3.10/site-packages/sklearn/svm/_liblinear.cpython-310-x86_64-linux-gnu.so
74f12be3e000-74f12be40000 rw-p 00000000 00:00 0 
74f12be40000-74f12be46000 r--p 00000000 00:41 1013732                    /home/ghi/miniconda3/envs/ir-project-env/lib/python3.10/site-packages/sklearn/utils/arrayfuncs.cpython-310-x86_64-linux-gnu.so
74f12be46000-74f12be7b000 r-xp 00006000 00:41 1013732                    /home/ghi/miniconda3/envs/ir-project-env/lib/python3.10/site-packages/sklearn/utils/arrayfuncs.cpython-310-x86_64-linux-gnu.so
74f12be7b000-74f12be84000 r--p 0003b000 00:41 1013732                    /home/ghi/miniconda3/envs/ir-project-env/lib/python3.10/site-packages/sklearn/utils/arrayfuncs.cpython-310-x86_64-linux-gnu.so
74f12be84000-74f12be85000 r--p 00043000 00:41 1013732                    /home/ghi/miniconda3/envs/ir-project-env/lib/python3.10/site-packages/sklearn/utils/arrayfuncs.cpython-310-x86_64-linux-gnu.so
74f12be85000-74f12be87000 rw-p 00044000 00:41 1013732                    /home/ghi/miniconda3/envs/ir-project-env/lib/python3.10/site-packages/sklearn/utils/arrayfuncs.cpython-310-x86_64-linux-gnu.so
74f12be87000-74f12bf88000 rw-p 00000000 00:00 0 
74f12bf88000-74f12bf94000 r--p 00000000 00:41 1014114                    /home/ghi/miniconda3/envs/ir-project-env/lib/python3.10/site-packages/sklearn/_loss/_loss.cpython-310-x86_64-linux-gnu.so
74f12bf94000-74f12c20f000 r-xp 0000c000 00:41 1014114                    /home/ghi/miniconda3/envs/ir-project-env/lib/python3.10/site-packages/sklearn/_loss/_loss.cpython-310-x86_64-linux-gnu.so
74f12c20f000-74f12c232000 r--p 00287000 00:41 1014114                    /home/ghi/miniconda3/envs/ir-project-env/lib/python3.10/site-packages/sklearn/_loss/_loss.cpython-310-x86_64-linux-gnu.so
74f12c232000-74f12c233000 r--p 002a9000 00:41 1014114                    /home/ghi/miniconda3/envs/ir-project-env/lib/python3.10/site-packages/sklearn/_loss/_loss.cpython-310-x86_64-linux-gnu.so
74f12c233000-74f12c23a000 rw-p 002aa000 00:41 1014114                    /home/ghi/miniconda3/envs/ir-project-env/lib/python3.10/site-packages/sklearn/_loss/_loss.cpython-310-x86_64-linux-gnu.so
74f12c23a000-74f12c23b000 rw-p 00000000 00:00 0 
74f12c23b000-74f12c241000 r--p 00000000 00:41 1013891                    /home/ghi/miniconda3/envs/ir-project-env/lib/python3.10/site-packages/sklearn/linear_model/_cd_fast.cpython-310-x86_64-linux-gnu.so
74f12c241000-74f12c298000 r-xp 00006000 00:41 1013891                    /home/ghi/miniconda3/envs/ir-project-env/lib/python3.10/site-packages/sklearn/linear_model/_cd_fast.cpython-310-x86_64-linux-gnu.so
74f12c298000-74f12c2a3000 r--p 0005d000 00:41 1013891                    /home/ghi/miniconda3/envs/ir-project-env/lib/python3.10/site-packages/sklearn/linear_model/_cd_fast.cpython-310-x86_64-linux-gnu.so
74f12c2a3000-74f12c2a4000 r--p 00068000 00:41 1013891                    /home/ghi/miniconda3/envs/ir-project-env/lib/python3.10/site-packages/sklearn/linear_model/_cd_fast.cpython-310-x86_64-linux-gnu.so
74f12c2a4000-74f12c2a6000 rw-p 00069000 00:41 1013891                    /home/ghi/miniconda3/envs/ir-project-env/lib/python3.10/site-packages/sklearn/linear_model/_cd_fast.cpython-310-x86_64-linux-gnu.so
74f12c2a6000-74f12c2a7000 rw-p 00000000 00:00 0 
74f12c2a7000-74f12c2ad000 r--p 00000000 00:41 1013760                    /home/ghi/miniconda3/envs/ir-project-env/lib/python3.10/site-packages/sklearn/utils/_random.cpython-310-x86_64-linux-gnu.so
74f12c2ad000-74f12c2e3000 r-xp 00006000 00:41 1013760                    /home/ghi/miniconda3/envs/ir-project-env/lib/python3.10/site-packages/sklearn/utils/_random.cpython-310-x86_64-linux-gnu.so
74f12c2e3000-74f12c2ee000 r--p 0003c000 00:41 1013760                    /home/ghi/miniconda3/envs/ir-project-env/lib/python3.10/site-packages/sklearn/utils/_random.cpython-310-x86_64-linux-gnu.so
74f12c2ee000-74f12c2ef000 r--p 00046000 00:41 1013760                    /home/ghi/miniconda3/envs/ir-project-env/lib/python3.10/site-packages/sklearn/utils/_random.cpython-310-x86_64-linux-gnu.so
74f12c2ef000-74f12c2f1000 rw-p 00047000 00:41 1013760                    /home/ghi/miniconda3/envs/ir-project-env/lib/python3.10/site-packages/sklearn/utils/_random.cpython-310-x86_64-linux-gnu.so
74f12c2f1000-74f12c2f2000 rw-p 00000000 00:00 0 
74f12c2f2000-74f12c2f8000 r--p 00000000 00:41 1013723                    /home/ghi/miniconda3/envs/ir-project-env/lib/python3.10/site-packages/sklearn/utils/_seq_dataset.cpython-310-x86_64-linux-gnu.so
74f12c2f8000-74f12c329000 r-xp 00006000 00:41 1013723                    /home/ghi/miniconda3/envs/ir-project-env/lib/python3.10/site-packages/sklearn/utils/_seq_dataset.cpython-310-x86_64-linux-gnu.so
74f12c329000-74f12c333000 r--p 00037000 00:41 1013723                    /home/ghi/miniconda3/envs/ir-project-env/lib/python3.10/site-packages/sklearn/utils/_seq_dataset.cpython-310-x86_64-linux-gnu.so
74f12c333000-74f12c334000 r--p 00040000 00:41 1013723                    /home/ghi/miniconda3/envs/ir-project-env/lib/python3.10/site-packages/sklearn/utils/_seq_dataset.cpython-310-x86_64-linux-gnu.so
74f12c334000-74f12c337000 rw-p 00041000 00:41 1013723                    /home/ghi/miniconda3/envs/ir-project-env/lib/python3.10/site-packages/sklearn/utils/_seq_dataset.cpython-310-x86_64-linux-gnu.so
7